<?xml version="1.0" encoding="UTF-8"?>
<!-- Generated by org.testng.reporters.JUnitReportReporter -->
<testsuite hostname="Aakashs-MacBook-Air.local" failures="0" tests="2" name="tests.OrangeHRMPageTest" time="23.143" errors="0" timestamp="2025-01-25T17:49:29 IST" skipped="0">
  <testcase classname="tests.OrangeHRMPageTest" name="testLogin" time="9.570"/>
  <system-out/>
  <testcase classname="tests.OrangeHRMPageTest" name="testLogin" time="13.573"/>
  <system-out/>
</testsuite> <!-- tests.OrangeHRMPageTest -->
