<?xml version="1.0" encoding="UTF-8"?>
<!-- Generated by org.testng.reporters.JUnitReportReporter -->
<testsuite hostname="Aakashs-MacBook-Air.local" failures="0" tests="3" name="tests.ErailTest" time="10.327" errors="0" timestamp="2025-01-25T17:49:29 IST" skipped="0">
  <testcase classname="tests.ErailTest" name="testErailStationSelection" time="7.642"/>
  <system-out/>
  <testcase classname="tests.ErailTest" name="testSelectTheDateFromCalendar" time="2.006"/>
  <system-out/>
  <testcase classname="tests.ErailTest" name="testcompareTwoExcels" time="0.679"/>
  <system-out/>
</testsuite> <!-- tests.ErailTest -->
